{
   "CentralWidget": 
   {
       "Average": 124.499367,
       "CPU usage": 0.000001,
       "Cardinal": 1773021,
       "Max": 70700,
       "Min": 0
   },
   "Component : Player::BodyRenderer": 
   {
       "Average": 112.257614,
       "CPU usage": 0.000001,
       "Cardinal": 9284,
       "Max": 12200,
       "Min": 0
   },
   "Component : Player::Camera::Camera": 
   {
       "Average": 116.856995,
       "CPU usage": 0.000001,
       "Cardinal": 9284,
       "Max": 12600,
       "Min": 0
   },
   "Component : TilemapObject::Chunk [-1 / -1]::Chunk -1 / -1": 
   {
       "Average": 102.389778,
       "CPU usage": 0.000001,
       "Cardinal": 5523,
       "Max": 9300,
       "Min": 0
   },
   "Component : TilemapObject::Chunk [-1 / 0]::Chunk -1 / 0": 
   {
       "Average": 70.899773,
       "CPU usage": 0.000001,
       "Cardinal": 7323,
       "Max": 900,
       "Min": 0
   },
   "Component : TilemapObject::Chunk [-1 / 1]::Chunk -1 / 1": 
   {
       "Average": 65.038940,
       "CPU usage": 0.000001,
       "Cardinal": 4362,
       "Max": 6000,
       "Min": 0
   },
   "Component : TilemapObject::Chunk [0 / -1]::Chunk 0 / -1": 
   {
       "Average": 71.386467,
       "CPU usage": 0.000001,
       "Cardinal": 7479,
       "Max": 3400,
       "Min": 0
   },
   "Component : TilemapObject::Chunk [0 / 0]::Chunk 0 / 0": 
   {
       "Average": 65.463440,
       "CPU usage": 0.000001,
       "Cardinal": 9280,
       "Max": 19800,
       "Min": 0
   },
   "Component : TilemapObject::Chunk [0 / 1]::Chunk 0 / 1": 
   {
       "Average": 59.908443,
       "CPU usage": 0.000001,
       "Cardinal": 4804,
       "Max": 500,
       "Min": 0
   },
   "Component : TilemapObject::Chunk [1 / -1]::Chunk 1 / -1": 
   {
       "Average": 68.532600,
       "CPU usage": 0.000001,
       "Cardinal": 3019,
       "Max": 6900,
       "Min": 0
   },
   "Component : TilemapObject::Chunk [1 / 0]::Chunk 1 / 0": 
   {
       "Average": 55.882339,
       "CPU usage": 0.000001,
       "Cardinal": 3468,
       "Max": 5300,
       "Min": 0
   },
   "Component : TilemapObject::Chunk [1 / 1]::Chunk 1 / 1": 
   {
       "Average": 61.207737,
       "CPU usage": 0.000001,
       "Cardinal": 1954,
       "Max": 400,
       "Min": 0
   },
   "Component : TilemapObject::Tilemap": 
   {
       "Average": 116.415077,
       "CPU usage": 0.000001,
       "Cardinal": 9284,
       "Max": 12400,
       "Min": 0
   },
   "FPSCounter": 
   {
       "Average": 2488.461670,
       "Cardinal": 91,
       "Max": 4040,
       "Min": 270
   },
   "GameEngine": 
   {
       "Average": 9528.368164,
       "CPU usage": 0.000101,
       "Cardinal": 9284,
       "Max": 881800,
       "Min": 2700
   },
   "GameEngineManager": 
   {
       "Average": 139.641266,
       "CPU usage": 0.000001,
       "Cardinal": 1773021,
       "Max": 882900,
       "Min": 0
   },
   "MainWidget": 
   {
       "Average": 69.063370,
       "CPU usage": 0.000001,
       "Cardinal": 1773021,
       "Max": 25500,
       "Min": 0
   },
   "Object : Camera": 
   {
       "Average": 350.194092,
       "CPU usage": 0.000004,
       "Cardinal": 9284,
       "Max": 22600,
       "Min": 100
   },
   "Object : Chunk [-1 / -1]": 
   {
       "Average": 337.707764,
       "CPU usage": 0.000004,
       "Cardinal": 5524,
       "Max": 12500,
       "Min": 100
   },
   "Object : Chunk [-1 / 0]": 
   {
       "Average": 338.044128,
       "CPU usage": 0.000004,
       "Cardinal": 7323,
       "Max": 17600,
       "Min": 100
   },
   "Object : Chunk [-1 / 1]": 
   {
       "Average": 297.547150,
       "CPU usage": 0.000003,
       "Cardinal": 4362,
       "Max": 18600,
       "Min": 100
   },
   "Object : Chunk [0 / -1]": 
   {
       "Average": 280.211578,
       "CPU usage": 0.000003,
       "Cardinal": 7479,
       "Max": 12700,
       "Min": 100
   },
   "Object : Chunk [0 / 0]": 
   {
       "Average": 303.028442,
       "CPU usage": 0.000003,
       "Cardinal": 9280,
       "Max": 21000,
       "Min": 100
   },
   "Object : Chunk [0 / 1]": 
   {
       "Average": 269.025574,
       "CPU usage": 0.000003,
       "Cardinal": 4804,
       "Max": 16100,
       "Min": 100
   },
   "Object : Chunk [1 / -1]": 
   {
       "Average": 259.191498,
       "CPU usage": 0.000003,
       "Cardinal": 3019,
       "Max": 7100,
       "Min": 100
   },
   "Object : Chunk [1 / 0]": 
   {
       "Average": 250.417877,
       "CPU usage": 0.000003,
       "Cardinal": 3469,
       "Max": 8800,
       "Min": 100
   },
   "Object : Chunk [1 / 1]": 
   {
       "Average": 246.775742,
       "CPU usage": 0.000003,
       "Cardinal": 1954,
       "Max": 9900,
       "Min": 100
   },
   "Object : Player": 
   {
       "Average": 400.128540,
       "CPU usage": 0.000004,
       "Cardinal": 9284,
       "Max": 13000,
       "Min": 100
   },
   "Object : TilemapObject": 
   {
       "Average": 361.966858,
       "CPU usage": 0.000004,
       "Cardinal": 9284,
       "Max": 12700,
       "Min": 200
   },
   "PlayerController": 
   {
       "Average": 310.582245,
       "CPU usage": 0.000003,
       "Cardinal": 1773021,
       "Max": 67500,
       "Min": 100
   },
   "TilemapEditor": 
   {
       "Average": 108.397095,
       "CPU usage": 0.000001,
       "Cardinal": 1773021,
       "Max": 49400,
       "Min": 0
   },
   "TilemapManager": 
   {
       "Average": 70.759811,
       "CPU usage": 0.000001,
       "Cardinal": 1773021,
       "Max": 21500,
       "Min": 0
   },
   "Total program duration": 9427,
   "UPSCounter": 
   {
       "Average": 194837.531250,
       "Cardinal": 91,
       "Max": 325350,
       "Min": 128160
   }
}
